<component name="libraryTable">
  <library name="junit:junit:4.13.1" type="repository">
    <properties maven-id="junit:junit:4.13.1" />
    <CLASSES>
      <root url="jar://$MAVEN_REPOSITORY$/junit/junit/4.13.1/junit-4.13.1.jar!/" />
      <root url="jar://$MAVEN_REPOSITORY$/org/hamcrest/hamcrest-core/1.3/hamcrest-core-1.3.jar!/" />
    </CLASSES>
    <JAVADOC>
      <root url="jar://$MAVEN_REPOSITORY$/junit/junit/4.13.1/junit-4.13.1-javadoc.jar!/" />
      <root url="jar://$MAVEN_REPOSITORY$/org/hamcrest/hamcrest-core/1.3/hamcrest-core-1.3-javadoc.jar!/" />
    </JAVADOC>
    <SOURCES />
  </library>
</component>